<?xml version="1.0" encoding="UTF-8"?>
<!-- Generated by org.testng.reporters.JUnitXMLReporter -->
<testsuite hostname="DESKTOP-G7LJERD" ignored="0" name="Default test" tests="5" failures="0" timestamp="01 Jun 2019 09:09:26 GMT" time="288.627" errors="0">
  <testcase name="Test1" time="32.948" classname="com.test.PefinWebApp.TestNgDriver"/>
  <testcase name="Test2" time="31.902" classname="com.test.PefinWebApp.TestNgDriver"/>
  <testcase name="Test3" time="31.993" classname="com.test.PefinWebApp.TestNgDriver"/>
  <testcase name="Test4" time="31.944" classname="com.test.PefinWebApp.TestNgDriver"/>
  <testcase name="Test5" time="31.406" classname="com.test.PefinWebApp.TestNgDriver"/>
</testsuite> <!-- Default test -->
