<?xml version="1.0" encoding="UTF-8"?>
<testng-results skipped="0" failed="0" ignored="0" total="1" passed="1">
  <reporter-output>
  </reporter-output>
  <suite name="Command line suite" duration-ms="60889" started-at="2019-06-05T18:40:35Z" finished-at="2019-06-05T18:41:36Z">
    <groups>
    </groups>
    <test name="Command line test" duration-ms="60889" started-at="2019-06-05T18:40:35Z" finished-at="2019-06-05T18:41:36Z">
      <class name="com.test.PefinWebApp.TestNgDriver">
        <test-method status="PASS" signature="lanuchApp()[pri:0, instance:com.test.PefinWebApp.TestNgDriver@21bcffb5]" name="lanuchApp" is-config="true" duration-ms="28310" started-at="2019-06-05T18:40:35Z" finished-at="2019-06-05T18:41:03Z">
          <reporter-output>
          </reporter-output>
        </test-method> <!-- lanuchApp -->
        <test-method status="PASS" signature="Test1()[pri:0, instance:com.test.PefinWebApp.TestNgDriver@21bcffb5]" name="Test1" duration-ms="30219" started-at="2019-06-05T18:41:03Z" finished-at="2019-06-05T18:41:33Z">
          <reporter-output>
          </reporter-output>
        </test-method> <!-- Test1 -->
        <test-method status="PASS" signature="closeOperation()[pri:0, instance:com.test.PefinWebApp.TestNgDriver@21bcffb5]" name="closeOperation" is-config="true" duration-ms="2323" started-at="2019-06-05T18:41:33Z" finished-at="2019-06-05T18:41:36Z">
          <reporter-output>
          </reporter-output>
        </test-method> <!-- closeOperation -->
      </class> <!-- com.test.PefinWebApp.TestNgDriver -->
    </test> <!-- Command line test -->
  </suite> <!-- Command line suite -->
</testng-results>
