<?xml version="1.0" encoding="UTF-8"?>
<testng-results skipped="0" failed="0" ignored="0" total="5" passed="5">
  <reporter-output>
  </reporter-output>
  <suite name="Default suite" duration-ms="288627" started-at="2019-06-01T09:04:37Z" finished-at="2019-06-01T09:09:26Z">
    <groups>
    </groups>
    <test name="Default test" duration-ms="288627" started-at="2019-06-01T09:04:37Z" finished-at="2019-06-01T09:09:26Z">
      <class name="com.test.PefinWebApp.TestNgDriver">
        <test-method status="PASS" signature="lanuchApp()[pri:0, instance:com.test.PefinWebApp.TestNgDriver@d8355a8]" name="lanuchApp" is-config="true" duration-ms="17310" started-at="2019-06-01T09:04:37Z" finished-at="2019-06-01T09:04:55Z">
          <reporter-output>
          </reporter-output>
        </test-method> <!-- lanuchApp -->
        <test-method status="PASS" signature="Test1()[pri:0, instance:com.test.PefinWebApp.TestNgDriver@d8355a8]" name="Test1" duration-ms="32948" started-at="2019-06-01T09:04:55Z" finished-at="2019-06-01T09:05:28Z">
          <reporter-output>
          </reporter-output>
        </test-method> <!-- Test1 -->
        <test-method status="PASS" signature="closeOperation()[pri:0, instance:com.test.PefinWebApp.TestNgDriver@d8355a8]" name="closeOperation" is-config="true" duration-ms="125" started-at="2019-06-01T09:05:28Z" finished-at="2019-06-01T09:05:28Z">
          <reporter-output>
          </reporter-output>
        </test-method> <!-- closeOperation -->
        <test-method status="PASS" signature="lanuchApp()[pri:0, instance:com.test.PefinWebApp.TestNgDriver@d8355a8]" name="lanuchApp" is-config="true" duration-ms="33752" started-at="2019-06-01T09:05:28Z" finished-at="2019-06-01T09:06:02Z">
          <reporter-output>
          </reporter-output>
        </test-method> <!-- lanuchApp -->
        <test-method status="PASS" signature="Test2()[pri:0, instance:com.test.PefinWebApp.TestNgDriver@d8355a8]" name="Test2" duration-ms="31902" started-at="2019-06-01T09:06:02Z" finished-at="2019-06-01T09:06:34Z">
          <reporter-output>
          </reporter-output>
        </test-method> <!-- Test2 -->
        <test-method status="PASS" signature="closeOperation()[pri:0, instance:com.test.PefinWebApp.TestNgDriver@d8355a8]" name="closeOperation" is-config="true" duration-ms="193" started-at="2019-06-01T09:06:34Z" finished-at="2019-06-01T09:06:34Z">
          <reporter-output>
          </reporter-output>
        </test-method> <!-- closeOperation -->
        <test-method status="PASS" signature="lanuchApp()[pri:0, instance:com.test.PefinWebApp.TestNgDriver@d8355a8]" name="lanuchApp" is-config="true" duration-ms="32865" started-at="2019-06-01T09:06:34Z" finished-at="2019-06-01T09:07:07Z">
          <reporter-output>
          </reporter-output>
        </test-method> <!-- lanuchApp -->
        <test-method status="PASS" signature="Test3()[pri:0, instance:com.test.PefinWebApp.TestNgDriver@d8355a8]" name="Test3" duration-ms="31993" started-at="2019-06-01T09:07:07Z" finished-at="2019-06-01T09:07:39Z">
          <reporter-output>
          </reporter-output>
        </test-method> <!-- Test3 -->
        <test-method status="PASS" signature="closeOperation()[pri:0, instance:com.test.PefinWebApp.TestNgDriver@d8355a8]" name="closeOperation" is-config="true" duration-ms="78" started-at="2019-06-01T09:07:39Z" finished-at="2019-06-01T09:07:39Z">
          <reporter-output>
          </reporter-output>
        </test-method> <!-- closeOperation -->
        <test-method status="PASS" signature="lanuchApp()[pri:0, instance:com.test.PefinWebApp.TestNgDriver@d8355a8]" name="lanuchApp" is-config="true" duration-ms="30817" started-at="2019-06-01T09:07:39Z" finished-at="2019-06-01T09:08:09Z">
          <reporter-output>
          </reporter-output>
        </test-method> <!-- lanuchApp -->
        <test-method status="PASS" signature="Test4()[pri:0, instance:com.test.PefinWebApp.TestNgDriver@d8355a8]" name="Test4" duration-ms="31944" started-at="2019-06-01T09:08:09Z" finished-at="2019-06-01T09:08:41Z">
          <reporter-output>
          </reporter-output>
        </test-method> <!-- Test4 -->
        <test-method status="PASS" signature="closeOperation()[pri:0, instance:com.test.PefinWebApp.TestNgDriver@d8355a8]" name="closeOperation" is-config="true" duration-ms="2157" started-at="2019-06-01T09:08:41Z" finished-at="2019-06-01T09:08:44Z">
          <reporter-output>
          </reporter-output>
        </test-method> <!-- closeOperation -->
        <test-method status="PASS" signature="lanuchApp()[pri:0, instance:com.test.PefinWebApp.TestNgDriver@d8355a8]" name="lanuchApp" is-config="true" duration-ms="10863" started-at="2019-06-01T09:08:44Z" finished-at="2019-06-01T09:08:54Z">
          <reporter-output>
          </reporter-output>
        </test-method> <!-- lanuchApp -->
        <test-method status="PASS" signature="Test5()[pri:0, instance:com.test.PefinWebApp.TestNgDriver@d8355a8]" name="Test5" duration-ms="31406" started-at="2019-06-01T09:08:54Z" finished-at="2019-06-01T09:09:26Z">
          <reporter-output>
          </reporter-output>
        </test-method> <!-- Test5 -->
        <test-method status="PASS" signature="closeOperation()[pri:0, instance:com.test.PefinWebApp.TestNgDriver@d8355a8]" name="closeOperation" is-config="true" duration-ms="212" started-at="2019-06-01T09:09:26Z" finished-at="2019-06-01T09:09:26Z">
          <reporter-output>
          </reporter-output>
        </test-method> <!-- closeOperation -->
      </class> <!-- com.test.PefinWebApp.TestNgDriver -->
    </test> <!-- Default test -->
  </suite> <!-- Default suite -->
</testng-results>
